"EXPLAIN"
"-> Aggregate: sum((LINEITEM.L_EXTENDEDPRICE * LINEITEM.L_DISCOUNT))  (cost=59970 rows=1) (actual time=278..278 rows=1 loops=1)
    -> Filter: ((LINEITEM.L_SHIPDATE >= DATE'1994-01-01') and (LINEITEM.L_SHIPDATE < <cache>((DATE'1994-01-01' + interval '1' year))) and (LINEITEM.L_DISCOUNT between <cache>((0.06 - 0.01)) and <cache>((0.06 + 0.01))) and (LINEITEM.L_QUANTITY < 24))  (cost=59730 rows=2400) (actual time=0.734..277 rows=7672 loops=1)
        -> Table scan on LINEITEM  (cost=59730 rows=583439) (actual time=0.71..203 rows=600572 loops=1)
"
