"QUERY PLAN"
"Aggregate  (cost=4098.63..4098.64 rows=1 width=32) (actual time=20.024..20.024 rows=1 loops=1)"
"  ->  Index Only Scan using idx_q6_super_covering on lineitem  (cost=0.42..4041.42 rows=11441 width=12) (actual time=0.075..16.235 rows=11618 loops=1)"
"        Index Cond: ((l_shipdate >= '1994-01-01'::date) AND (l_shipdate < '1995-01-01 00:00:00'::timestamp without time zone) AND (l_discount >= 0.05) AND (l_discount <= 0.07) AND (l_quantity < '24'::numeric))"
"        Heap Fetches: 0"
"Planning Time: 0.757 ms"
"Execution Time: 20.094 ms"
