[
  {
    "EXPLAIN": "-> Limit: 10 row(s)  (actual time=268..268 rows=10 loops=1)\n    -> Sort: revenue DESC, ORDERS.O_ORDERDATE, limit input to 10 row(s) per chunk  (actual time=268..268 rows=10 loops=1)\n        -> Table scan on <temporary>  (actual time=267..267 rows=1216 loops=1)\n            -> Aggregate using temporary table  (actual time=267..267 rows=1216 loops=1)\n                -> Nested loop inner join  (cost=16570 rows=10194) (actual time=0.816..263 rows=3321 loops=1)\n                    -> Nested loop inner join  (cost=10456 rows=7514) (actual time=0.755..118 rows=15224 loops=1)\n                        -> Filter: (CUSTOMER.C_MKTSEGMENT = 'BUILDING')  (cost=1633 rows=1496) (actual time=0.632..11.2 rows=3111 loops=1)\n                            -> Table scan on CUSTOMER  (cost=1633 rows=14957) (actual time=0.626..8.45 rows=15000 loops=1)\n                        -> Filter: (ORDERS.O_ORDERDATE < DATE'1995-03-15')  (cost=4.39 rows=5.02) (actual time=0.0278..0.034 rows=4.89 loops=3111)\n                            -> Index lookup on ORDERS using ORDERS_FK (O_CUSTKEY=CUSTOMER.C_CUSTKEY)  (cost=4.39 rows=15.1) (actual time=0.0273..0.0328 rows=10 loops=3111)\n                    -> Filter: (LINEITEM.L_SHIPDATE > DATE'1995-03-15')  (cost=0.407 rows=1.36) (actual time=0.00915..0.00931 rows=0.218 loops=15224)\n                        -> Index lookup on LINEITEM using PRIMARY (L_ORDERKEY=ORDERS.O_ORDERKEY)  (cost=0.407 rows=4.07) (actual time=0.00755..0.00884 rows=4.02 loops=15224)\n"
  }
]