[
  {
    "EXPLAIN": "-> Limit: 10 row(s)  (actual time=367..367 rows=10 loops=1)\n    -> Sort: revenue DESC, ORDERS.O_ORDERDATE, limit input to 10 row(s) per chunk  (actual time=367..367 rows=10 loops=1)\n        -> Table scan on <temporary>  (actual time=367..367 rows=1216 loops=1)\n            -> Aggregate using temporary table  (actual time=367..367 rows=1216 loops=1)\n                -> Nested loop inner join  (cost=23578 rows=10194) (actual time=0.466..362 rows=3321 loops=1)\n                    -> Nested loop inner join  (cost=15902 rows=7514) (actual time=0.42..180 rows=15224 loops=1)\n                        -> Filter: (CUSTOMER.C_MKTSEGMENT = 'BUILDING')  (cost=1693 rows=1496) (actual time=0.248..11.8 rows=3111 loops=1)\n                            -> Table scan on CUSTOMER  (cost=1693 rows=14957) (actual time=0.244..8.77 rows=15000 loops=1)\n                        -> Filter: (ORDERS.O_ORDERDATE < DATE'1995-03-15')  (cost=7.99 rows=5.02) (actual time=0.0449..0.0536 rows=4.89 loops=3111)\n                            -> Index lookup on ORDERS using ORDERS_FK (O_CUSTKEY=CUSTOMER.C_CUSTKEY)  (cost=7.99 rows=15.1) (actual time=0.0443..0.0522 rows=10 loops=3111)\n                    -> Filter: (LINEITEM.L_SHIPDATE > DATE'1995-03-15')  (cost=0.615 rows=1.36) (actual time=0.0116..0.0117 rows=0.218 loops=15224)\n                        -> Index lookup on LINEITEM using PRIMARY (L_ORDERKEY=ORDERS.O_ORDERKEY)  (cost=0.615 rows=4.07) (actual time=0.00977..0.0112 rows=4.02 loops=15224)\n"
  }
]