[
  {
    "EXPLAIN": "-> Limit: 10 row(s)  (actual time=182..182 rows=10 loops=1)\n    -> Sort: revenue DESC, ORDERS.O_ORDERDATE, limit input to 10 row(s) per chunk  (actual time=182..182 rows=10 loops=1)\n        -> Table scan on <temporary>  (actual time=182..182 rows=1216 loops=1)\n            -> Aggregate using temporary table  (actual time=182..182 rows=1216 loops=1)\n                -> Nested loop inner join  (cost=14408 rows=10194) (actual time=0.284..178 rows=3321 loops=1)\n                    -> Nested loop inner join  (cost=9453 rows=7514) (actual time=0.258..73.3 rows=15224 loops=1)\n                        -> Filter: (CUSTOMER.C_MKTSEGMENT = 'BUILDING')  (cost=1563 rows=1496) (actual time=0.198..7.53 rows=3111 loops=1)\n                            -> Table scan on CUSTOMER  (cost=1563 rows=14957) (actual time=0.194..5 rows=15000 loops=1)\n                        -> Filter: (ORDERS.O_ORDERDATE < DATE'1995-03-15')  (cost=3.77 rows=5.02) (actual time=0.0163..0.0208 rows=4.89 loops=3111)\n                            -> Index lookup on ORDERS using ORDERS_FK (O_CUSTKEY=CUSTOMER.C_CUSTKEY)  (cost=3.77 rows=15.1) (actual time=0.0158..0.0196 rows=10 loops=3111)\n                    -> Filter: (LINEITEM.L_SHIPDATE > DATE'1995-03-15')  (cost=0.252 rows=1.36) (actual time=0.00656..0.00671 rows=0.218 loops=15224)\n                        -> Index lookup on LINEITEM using PRIMARY (L_ORDERKEY=ORDERS.O_ORDERKEY)  (cost=0.252 rows=4.07) (actual time=0.0051..0.0063 rows=4.02 loops=15224)\n"
  }
]