[
  {
    "QUERY PLAN": "Finalize GroupAggregate  (cost=25399.01..25400.96 rows=6 width=236) (actual time=284.866..287.160 rows=4 loops=1)"
  },
  {
    "QUERY PLAN": "  Group Key: l_returnflag, l_linestatus"
  },
  {
    "QUERY PLAN": "  ->  Gather Merge  (cost=25399.01..25400.41 rows=12 width=236) (actual time=284.837..287.097 rows=12 loops=1)"
  },
  {
    "QUERY PLAN": "        Workers Planned: 2"
  },
  {
    "QUERY PLAN": "        Workers Launched: 2"
  },
  {
    "QUERY PLAN": "        ->  Sort  (cost=24398.98..24399.00 rows=6 width=236) (actual time=280.824..280.826 rows=4 loops=3)"
  },
  {
    "QUERY PLAN": "              Sort Key: l_returnflag, l_linestatus"
  },
  {
    "QUERY PLAN": "              Sort Method: quicksort  Memory: 26kB"
  },
  {
    "QUERY PLAN": "              Worker 0:  Sort Method: quicksort  Memory: 26kB"
  },
  {
    "QUERY PLAN": "              Worker 1:  Sort Method: quicksort  Memory: 26kB"
  },
  {
    "QUERY PLAN": "              ->  Partial HashAggregate  (cost=24398.77..24398.90 rows=6 width=236) (actual time=280.763..280.768 rows=4 loops=3)"
  },
  {
    "QUERY PLAN": "                    Group Key: l_returnflag, l_linestatus"
  },
  {
    "QUERY PLAN": "                    Batches: 1  Memory Usage: 24kB"
  },
  {
    "QUERY PLAN": "                    Worker 0:  Batches: 1  Memory Usage: 24kB"
  },
  {
    "QUERY PLAN": "                    Worker 1:  Batches: 1  Memory Usage: 24kB"
  },
  {
    "QUERY PLAN": "                    ->  Parallel Seq Scan on lineitem  (cost=0.00..15767.98 rows=246594 width=25) (actual time=0.047..43.895 rows=197285 loops=3)"
  },
  {
    "QUERY PLAN": "                          Filter: (l_shipdate <= '1998-09-02 00:00:00'::timestamp without time zone)"
  },
  {
    "QUERY PLAN": "                          Rows Removed by Filter: 2905"
  },
  {
    "QUERY PLAN": "Planning Time: 0.760 ms"
  },
  {
    "QUERY PLAN": "Execution Time: 287.432 ms"
  }
]