[
  {
    "EXPLAIN": "-> Limit: 10 row(s)  (actual time=224..224 rows=10 loops=1)\n    -> Sort: revenue DESC, ORDERS.O_ORDERDATE, limit input to 10 row(s) per chunk  (actual time=224..224 rows=10 loops=1)\n        -> Table scan on <temporary>  (actual time=223..224 rows=1216 loops=1)\n            -> Aggregate using temporary table  (actual time=223..223 rows=1216 loops=1)\n                -> Nested loop inner join  (cost=14796 rows=10194) (actual time=0.291..219 rows=3321 loops=1)\n                    -> Nested loop inner join  (cost=9478 rows=7514) (actual time=0.256..83.3 rows=15224 loops=1)\n                        -> Filter: (CUSTOMER.C_MKTSEGMENT = 'BUILDING')  (cost=1588 rows=1496) (actual time=0.195..9.15 rows=3111 loops=1)\n                            -> Table scan on CUSTOMER  (cost=1588 rows=14957) (actual time=0.192..6.46 rows=15000 loops=1)\n                        -> Filter: (ORDERS.O_ORDERDATE < DATE'1995-03-15')  (cost=3.77 rows=5.02) (actual time=0.0185..0.0235 rows=4.89 loops=3111)\n                            -> Index lookup on ORDERS using ORDERS_FK (O_CUSTKEY=CUSTOMER.C_CUSTKEY)  (cost=3.77 rows=15.1) (actual time=0.0181..0.0222 rows=10 loops=3111)\n                    -> Filter: (LINEITEM.L_SHIPDATE > DATE'1995-03-15')  (cost=0.301 rows=1.36) (actual time=0.00859..0.00875 rows=0.218 loops=15224)\n                        -> Index lookup on LINEITEM using PRIMARY (L_ORDERKEY=ORDERS.O_ORDERKEY)  (cost=0.301 rows=4.07) (actual time=0.00702..0.0083 rows=4.02 loops=15224)\n"
  }
]