[
  {
    "EXPLAIN": "-> Limit: 10 row(s)  (actual time=644..644 rows=10 loops=1)\n    -> Sort: revenue DESC, ORDERS.O_ORDERDATE, limit input to 10 row(s) per chunk  (actual time=644..644 rows=10 loops=1)\n        -> Table scan on <temporary>  (actual time=644..644 rows=1216 loops=1)\n            -> Aggregate using temporary table  (actual time=644..644 rows=1216 loops=1)\n                -> Nested loop inner join  (cost=32671 rows=10194) (actual time=56.7..637 rows=3321 loops=1)\n                    -> Nested loop inner join  (cost=26518 rows=7514) (actual time=43.5..395 rows=15224 loops=1)\n                        -> Filter: (CUSTOMER.C_MKTSEGMENT = 'BUILDING')  (cost=1721 rows=1496) (actual time=0.437..12.7 rows=3111 loops=1)\n                            -> Table scan on CUSTOMER  (cost=1721 rows=14957) (actual time=0.358..8.85 rows=15000 loops=1)\n                        -> Filter: (ORDERS.O_ORDERDATE < DATE'1995-03-15')  (cost=15.1 rows=5.02) (actual time=0.109..0.122 rows=4.89 loops=3111)\n                            -> Index lookup on ORDERS using ORDERS_FK (O_CUSTKEY=CUSTOMER.C_CUSTKEY)  (cost=15.1 rows=15.1) (actual time=0.109..0.121 rows=10 loops=3111)\n                    -> Filter: (LINEITEM.L_SHIPDATE > DATE'1995-03-15')  (cost=0.412 rows=1.36) (actual time=0.0154..0.0156 rows=0.218 loops=15224)\n                        -> Index lookup on LINEITEM using PRIMARY (L_ORDERKEY=ORDERS.O_ORDERKEY)  (cost=0.412 rows=4.07) (actual time=0.0131..0.0149 rows=4.02 loops=15224)\n"
  }
]