"QUERY PLAN"
"Limit  (cost=22290.44..22290.46 rows=10 width=48) (actual time=192.515..195.221 rows=10 loops=1)"
"  ->  Sort  (cost=22290.44..22371.50 rows=32427 width=48) (actual time=192.513..195.218 rows=10 loops=1)"
"        Sort Key: (sum((l.l_extendedprice * ('1'::numeric - l.l_discount)))) DESC, o.o_orderdate"
"        Sort Method: top-N heapsort  Memory: 26kB"
"        ->  Finalize GroupAggregate  (cost=20898.24..21589.70 rows=32427 width=48) (actual time=190.834..194.832 rows=1216 loops=1)"
"              Group Key: l.l_orderkey, o.o_orderdate, o.o_shippriority"
"              ->  Sort  (cost=20898.24..20945.93 rows=19075 width=48) (actual time=190.824..193.599 rows=1216 loops=1)"
"                    Sort Key: l.l_orderkey, o.o_orderdate, o.o_shippriority"
"                    Sort Method: quicksort  Memory: 182kB"
"                    ->  Gather  (cost=17396.13..19542.06 rows=19075 width=48) (actual time=189.758..193.105 rows=1216 loops=1)"
"                          Workers Planned: 1"
"                          Workers Launched: 1"
"                          ->  Partial HashAggregate  (cost=16396.13..16634.56 rows=19075 width=48) (actual time=186.295..186.681 rows=608 loops=2)"
"                                Group Key: l.l_orderkey, o.o_orderdate, o.o_shippriority"
"                                Batches: 1  Memory Usage: 1041kB"
"                                Worker 0:  Batches: 1  Memory Usage: 1041kB"
"                                ->  Nested Loop  (cost=146.04..16110.00 rows=19075 width=28) (actual time=35.754..183.161 rows=1660 loops=2)"
"                                      ->  Hash Join  (cost=145.62..4208.95 rows=8878 width=16) (actual time=1.822..37.200 rows=7612 loops=2)"
"                                            Hash Cond: (o.o_custkey = c.c_custkey)"
"                                            ->  Parallel Seq Scan on orders o  (cost=0.00..3950.94 rows=42805 width=20) (actual time=0.017..26.101 rows=36339 loops=2)"
"                                                  Filter: (o_orderdate < '1995-03-15'::date)"
"                                                  Rows Removed by Filter: 38661"
"                                            ->  Hash  (cost=106.73..106.73 rows=3111 width=4) (actual time=1.764..1.765 rows=3111 loops=2)"
"                                                  Buckets: 4096  Batches: 1  Memory Usage: 142kB"
"                                                  ->  Index Only Scan using idx_customer_mktsegment_custkey on customer c  (cost=0.29..106.73 rows=3111 width=4) (actual time=0.337..1.201 rows=3111 loops=2)"
"                                                        Index Cond: (c_mktsegment = 'BUILDING'::text)"
"                                                        Heap Fetches: 0"
"                                      ->  Index Scan using lineitem_pk on lineitem l  (cost=0.42..1.31 rows=3 width=16) (actual time=0.018..0.018 rows=0 loops=15224)"
"                                            Index Cond: (l_orderkey = o.o_orderkey)"
"                                            Filter: (l_shipdate > '1995-03-15'::date)"
"                                            Rows Removed by Filter: 4"
"Planning Time: 125.287 ms"
"Execution Time: 196.282 ms"
