"QUERY PLAN"
"Finalize GroupAggregate  (cost=25391.10..25393.05 rows=6 width=236) (actual time=265.731..268.033 rows=4 loops=1)"
"  Group Key: l_returnflag, l_linestatus"
"  ->  Gather Merge  (cost=25391.10..25392.50 rows=12 width=236) (actual time=265.707..267.977 rows=12 loops=1)"
"        Workers Planned: 2"
"        Workers Launched: 2"
"        ->  Sort  (cost=24391.07..24391.09 rows=6 width=236) (actual time=262.739..262.740 rows=4 loops=3)"
"              Sort Key: l_returnflag, l_linestatus"
"              Sort Method: quicksort  Memory: 26kB"
"              Worker 0:  Sort Method: quicksort  Memory: 26kB"
"              Worker 1:  Sort Method: quicksort  Memory: 26kB"
"              ->  Partial HashAggregate  (cost=24390.86..24390.99 rows=6 width=236) (actual time=262.699..262.705 rows=4 loops=3)"
"                    Group Key: l_returnflag, l_linestatus"
"                    Batches: 1  Memory Usage: 24kB"
"                    Worker 0:  Batches: 1  Memory Usage: 24kB"
"                    Worker 1:  Batches: 1  Memory Usage: 24kB"
"                    ->  Parallel Seq Scan on lineitem  (cost=0.00..15767.98 rows=246368 width=25) (actual time=0.024..43.301 rows=197285 loops=3)"
"                          Filter: (l_shipdate <= '1998-09-02 00:00:00'::timestamp without time zone)"
"                          Rows Removed by Filter: 2905"
"Planning Time: 1.051 ms"
"Execution Time: 268.240 ms"
