"EXPLAIN"
"-> Aggregate: sum((LINEITEM.L_EXTENDEDPRICE * LINEITEM.L_DISCOUNT))  (cost=36351 rows=1) (actual time=56.2..56.2 rows=1 loops=1)
    -> Filter: ((LINEITEM.L_SHIPDATE >= DATE'1994-01-01') and (LINEITEM.L_SHIPDATE < <cache>((DATE'1994-01-01' + interval '1' year))) and (LINEITEM.L_DISCOUNT between <cache>((0.06 - 0.01)) and <cache>((0.06 + 0.01))) and (LINEITEM.L_QUANTITY < 24))  (cost=35703 rows=6488) (actual time=0.572..55.8 rows=7672 loops=1)
        -> Covering index range scan on LINEITEM using idx_q6_super_covering over ('1994-01-01' <= L_SHIPDATE <= '1995-01-01' AND 0.05 <= L_DISCOUNT AND NULL < L_QUANTITY)  (cost=35703 rows=175202) (actual time=0.566..30.3 rows=91937 loops=1)
"
