"QUERY PLAN"
"Sort  (cost=123701.38..124114.14 rows=165101 width=82) (actual time=386.909..392.732 rows=5 loops=1)"
"  Sort Key: orders.o_totalprice DESC, orders.o_orderdate"
"  Sort Method: quicksort  Memory: 25kB"
"  ->  Finalize GroupAggregate  (cost=80621.88..101489.91 rows=165101 width=82) (actual time=386.888..392.722 rows=5 loops=1)"
"        Group Key: customer.c_custkey, orders.o_orderkey"
"        ->  Gather Merge  (cost=80621.88..98050.31 rows=137584 width=82) (actual time=386.859..392.687 rows=5 loops=1)"
"              Workers Planned: 2"
"              Workers Launched: 2"
"              ->  Partial GroupAggregate  (cost=79621.86..81169.68 rows=68792 width=82) (actual time=372.494..372.501 rows=2 loops=3)"
"                    Group Key: customer.c_custkey, orders.o_orderkey"
"                    ->  Sort  (cost=79621.86..79793.84 rows=68792 width=55) (actual time=372.448..372.454 rows=12 loops=3)"
"                          Sort Key: customer.c_custkey, orders.o_orderkey"
"                          Sort Method: quicksort  Memory: 26kB"
"                          Worker 0:  Sort Method: quicksort  Memory: 25kB"
"                          Worker 1:  Sort Method: quicksort  Memory: 26kB"
"                          ->  Parallel Hash Join  (cost=55257.01..71742.44 rows=68792 width=55) (actual time=343.970..372.386 rows=12 loops=3)"
"                                Hash Cond: (lineitem.l_orderkey = orders.o_orderkey)"
"                                ->  Parallel Seq Scan on lineitem  (cost=0.00..15142.38 rows=250238 width=9) (actual time=0.018..26.838 rows=200191 loops=3)"
"                                ->  Parallel Hash  (cost=54953.81..54953.81 rows=24256 width=54) (actual time=331.493..331.497 rows=2 loops=3)"
"                                      Buckets: 65536  Batches: 1  Memory Usage: 608kB"
"                                      ->  Hash Join  (cost=50928.14..54953.81 rows=24256 width=54) (actual time=322.914..331.435 rows=2 loops=3)"
"                                            Hash Cond: (orders.o_custkey = customer.c_custkey)"
"                                            ->  Hash Join  (cost=50214.64..54176.62 rows=24256 width=28) (actual time=297.885..306.404 rows=2 loops=3)"
"                                                  Hash Cond: (orders.o_orderkey = lineitem_1.l_orderkey)"
"                                                  ->  Parallel Seq Scan on orders  (cost=0.00..3730.35 rows=88235 width=24) (actual time=0.035..8.714 rows=50000 loops=3)"
"                                                  ->  Hash  (cost=49699.19..49699.19 rows=41236 width=4) (actual time=293.246..293.247 rows=5 loops=3)"
"                                                        Buckets: 65536  Batches: 1  Memory Usage: 513kB"
"                                                        ->  GroupAggregate  (cost=0.42..49699.19 rows=41236 width=4) (actual time=3.385..293.233 rows=5 loops=3)"
"                                                              Group Key: lineitem_1.l_orderkey"
"                                                              Filter: (sum(lineitem_1.l_quantity) > '300'::numeric)"
"                                                              Rows Removed by Filter: 149995"
"                                                              ->  Index Scan using lineitem_pk on lineitem lineitem_1  (cost=0.42..44840.69 rows=600572 width=9) (actual time=0.116..147.067 rows=600572 loops=3)"
"                                            ->  Hash  (cost=526.00..526.00 rows=15000 width=30) (actual time=24.966..24.967 rows=15000 loops=3)"
"                                                  Buckets: 16384  Batches: 1  Memory Usage: 1066kB"
"                                                  ->  Seq Scan on customer  (cost=0.00..526.00 rows=15000 width=30) (actual time=20.433..22.503 rows=15000 loops=3)"
"Planning Time: 0.799 ms"
"JIT:"
"  Functions: 108"
"  Options: Inlining false, Optimization false, Expressions true, Deforming true"
"  Timing: Generation 4.923 ms, Inlining 0.000 ms, Optimization 2.300 ms, Emission 59.385 ms, Total 66.609 ms"
"Execution Time: 394.654 ms"
