[
  {
    "EXPLAIN": "-> Sort: LINEITEM.L_RETURNFLAG, LINEITEM.L_LINESTATUS  (actual time=713..713 rows=4 loops=1)\n    -> Table scan on <temporary>  (actual time=713..713 rows=4 loops=1)\n        -> Aggregate using temporary table  (actual time=713..713 rows=4 loops=1)\n            -> Filter: (LINEITEM.L_SHIPDATE <= <cache>((DATE'1998-12-01' - interval '90' day)))  (cost=57979 rows=185965) (actual time=1.18..368 rows=591856 loops=1)\n                -> Table scan on LINEITEM  (cost=57979 rows=557950) (actual time=1.17..325 rows=600572 loops=1)\n"
  }
]