"QUERY PLAN"
"Finalize Aggregate  (cost=19294.42..19294.43 rows=1 width=32) (actual time=48.154..51.938 rows=1 loops=1)"
"  ->  Gather  (cost=19294.20..19294.41 rows=2 width=32) (actual time=48.030..51.924 rows=3 loops=1)"
"        Workers Planned: 2"
"        Workers Launched: 2"
"        ->  Partial Aggregate  (cost=18294.20..18294.21 rows=1 width=32) (actual time=44.499..44.500 rows=1 loops=3)"
"              ->  Parallel Seq Scan on lineitem  (cost=0.00..18270.36 rows=4767 width=12) (actual time=0.063..43.149 rows=3873 loops=3)"
"                    Filter: ((l_shipdate >= '1994-01-01'::date) AND (l_shipdate < '1995-01-01 00:00:00'::timestamp without time zone) AND (l_discount >= 0.05) AND (l_discount <= 0.07) AND (l_quantity < '24'::numeric))"
"                    Rows Removed by Filter: 196318"
"Planning Time: 0.619 ms"
"Execution Time: 52.040 ms"
