"QUERY PLAN"
"Sort  (cost=104328.70..104741.45 rows=165101 width=82) (actual time=378.113..383.772 rows=5 loops=1)"
"  Sort Key: o.o_totalprice DESC, o.o_orderdate"
"  Sort Method: quicksort  Memory: 25kB"
"  ->  Finalize GroupAggregate  (cost=61249.20..82117.23 rows=165101 width=82) (actual time=378.099..383.747 rows=5 loops=1)"
"        Group Key: c.c_custkey, o.o_orderkey"
"        ->  Gather Merge  (cost=61249.20..78677.62 rows=137584 width=82) (actual time=378.075..383.721 rows=5 loops=1)"
"              Workers Planned: 2"
"              Workers Launched: 2"
"              ->  Partial GroupAggregate  (cost=60249.17..61796.99 rows=68792 width=82) (actual time=364.009..364.016 rows=2 loops=3)"
"                    Group Key: c.c_custkey, o.o_orderkey"
"                    ->  Sort  (cost=60249.17..60421.15 rows=68792 width=55) (actual time=363.976..363.982 rows=12 loops=3)"
"                          Sort Key: c.c_custkey, o.o_orderkey"
"                          Sort Method: quicksort  Memory: 26kB"
"                          Worker 0:  Sort Method: quicksort  Memory: 26kB"
"                          Worker 1:  Sort Method: quicksort  Memory: 25kB"
"                          ->  Parallel Hash Join  (cost=35884.33..52369.75 rows=68792 width=55) (actual time=336.950..363.895 rows=12 loops=3)"
"                                Hash Cond: (l.l_orderkey = o.o_orderkey)"
"                                ->  Parallel Seq Scan on lineitem l  (cost=0.00..15142.38 rows=250238 width=9) (actual time=0.015..26.579 rows=200191 loops=3)"
"                                ->  Parallel Hash  (cost=35581.13..35581.13 rows=24256 width=54) (actual time=323.152..323.155 rows=2 loops=3)"
"                                      Buckets: 65536  Batches: 1  Memory Usage: 544kB"
"                                      ->  Hash Join  (cost=31555.45..35581.13 rows=24256 width=54) (actual time=309.402..320.510 rows=2 loops=3)"
"                                            Hash Cond: (o.o_custkey = c.c_custkey)"
"                                            ->  Hash Join  (cost=30841.95..34803.93 rows=24256 width=28) (actual time=284.372..295.477 rows=2 loops=3)"
"                                                  Hash Cond: (o.o_orderkey = lineitem.l_orderkey)"
"                                                  ->  Parallel Seq Scan on orders o  (cost=0.00..3730.35 rows=88235 width=24) (actual time=0.026..7.758 rows=50000 loops=3)"
"                                                  ->  Hash  (cost=30326.50..30326.50 rows=41236 width=4) (actual time=283.989..283.990 rows=5 loops=3)"
"                                                        Buckets: 65536  Batches: 1  Memory Usage: 513kB"
"                                                        ->  GroupAggregate  (cost=0.42..30326.50 rows=41236 width=4) (actual time=3.458..283.977 rows=5 loops=3)"
"                                                              Group Key: lineitem.l_orderkey"
"                                                              Filter: (sum(lineitem.l_quantity) > '300'::numeric)"
"                                                              Rows Removed by Filter: 149995"
"                                                              ->  Index Scan using idx_lineitem_orderkey on lineitem  (cost=0.42..25468.01 rows=600572 width=9) (actual time=0.064..139.741 rows=600572 loops=3)"
"                                            ->  Hash  (cost=526.00..526.00 rows=15000 width=30) (actual time=24.972..24.973 rows=15000 loops=3)"
"                                                  Buckets: 16384  Batches: 1  Memory Usage: 1066kB"
"                                                  ->  Seq Scan on customer c  (cost=0.00..526.00 rows=15000 width=30) (actual time=20.426..22.599 rows=15000 loops=3)"
"Planning Time: 0.710 ms"
"JIT:"
"  Functions: 108"
"  Options: Inlining false, Optimization false, Expressions true, Deforming true"
"  Timing: Generation 4.743 ms, Inlining 0.000 ms, Optimization 2.230 ms, Emission 59.341 ms, Total 66.313 ms"
"Execution Time: 385.332 ms"
