"QUERY PLAN"
"Sort  (cost=104328.70..104741.45 rows=165101 width=82) (actual time=379.090..384.836 rows=5 loops=1)"
"  Sort Key: o.o_totalprice DESC, o.o_orderdate"
"  Sort Method: quicksort  Memory: 25kB"
"  ->  Finalize GroupAggregate  (cost=61249.20..82117.23 rows=165101 width=82) (actual time=379.073..384.825 rows=5 loops=1)"
"        Group Key: c.c_custkey, o.o_orderkey"
"        ->  Gather Merge  (cost=61249.20..78677.62 rows=137584 width=82) (actual time=379.038..384.789 rows=5 loops=1)"
"              Workers Planned: 2"
"              Workers Launched: 2"
"              ->  Partial GroupAggregate  (cost=60249.17..61796.99 rows=68792 width=82) (actual time=363.415..363.423 rows=2 loops=3)"
"                    Group Key: c.c_custkey, o.o_orderkey"
"                    ->  Sort  (cost=60249.17..60421.15 rows=68792 width=55) (actual time=363.381..363.386 rows=12 loops=3)"
"                          Sort Key: c.c_custkey, o.o_orderkey"
"                          Sort Method: quicksort  Memory: 26kB"
"                          Worker 0:  Sort Method: quicksort  Memory: 25kB"
"                          Worker 1:  Sort Method: quicksort  Memory: 26kB"
"                          ->  Parallel Hash Join  (cost=35884.33..52369.75 rows=68792 width=55) (actual time=336.468..363.311 rows=12 loops=3)"
"                                Hash Cond: (l.l_orderkey = o.o_orderkey)"
"                                ->  Parallel Seq Scan on lineitem l  (cost=0.00..15142.38 rows=250238 width=9) (actual time=0.022..26.526 rows=200191 loops=3)"
"                                ->  Parallel Hash  (cost=35581.13..35581.13 rows=24256 width=54) (actual time=322.621..322.625 rows=2 loops=3)"
"                                      Buckets: 65536  Batches: 1  Memory Usage: 544kB"
"                                      ->  Hash Join  (cost=31555.45..35581.13 rows=24256 width=54) (actual time=309.331..320.919 rows=2 loops=3)"
"                                            Hash Cond: (o.o_custkey = c.c_custkey)"
"                                            ->  Hash Join  (cost=30841.95..34803.93 rows=24256 width=28) (actual time=283.998..295.583 rows=2 loops=3)"
"                                                  Hash Cond: (o.o_orderkey = lineitem.l_orderkey)"
"                                                  ->  Parallel Seq Scan on orders o  (cost=0.00..3730.35 rows=88235 width=24) (actual time=0.028..8.208 rows=50000 loops=3)"
"                                                  ->  Hash  (cost=30326.50..30326.50 rows=41236 width=4) (actual time=283.609..283.610 rows=5 loops=3)"
"                                                        Buckets: 65536  Batches: 1  Memory Usage: 513kB"
"                                                        ->  GroupAggregate  (cost=0.42..30326.50 rows=41236 width=4) (actual time=3.418..283.595 rows=5 loops=3)"
"                                                              Group Key: lineitem.l_orderkey"
"                                                              Filter: (sum(lineitem.l_quantity) > '300'::numeric)"
"                                                              Rows Removed by Filter: 149995"
"                                                              ->  Index Scan using idx_lineitem_orderkey on lineitem  (cost=0.42..25468.01 rows=600572 width=9) (actual time=0.034..139.426 rows=600572 loops=3)"
"                                            ->  Hash  (cost=526.00..526.00 rows=15000 width=30) (actual time=25.280..25.280 rows=15000 loops=3)"
"                                                  Buckets: 16384  Batches: 1  Memory Usage: 1066kB"
"                                                  ->  Seq Scan on customer c  (cost=0.00..526.00 rows=15000 width=30) (actual time=20.994..22.970 rows=15000 loops=3)"
"Planning Time: 1.150 ms"
"JIT:"
"  Functions: 108"
"  Options: Inlining false, Optimization false, Expressions true, Deforming true"
"  Timing: Generation 5.601 ms, Inlining 0.000 ms, Optimization 2.490 ms, Emission 60.773 ms, Total 68.865 ms"
"Execution Time: 387.354 ms"
