"QUERY PLAN"
"Sort  (cost=104328.70..104741.45 rows=165101 width=82) (actual time=376.508..382.150 rows=5 loops=1)"
"  Sort Key: o.o_totalprice DESC, o.o_orderdate"
"  Sort Method: quicksort  Memory: 25kB"
"  ->  Finalize GroupAggregate  (cost=61249.20..82117.23 rows=165101 width=82) (actual time=376.485..382.140 rows=5 loops=1)"
"        Group Key: c.c_custkey, o.o_orderkey"
"        ->  Gather Merge  (cost=61249.20..78677.62 rows=137584 width=82) (actual time=376.455..382.108 rows=5 loops=1)"
"              Workers Planned: 2"
"              Workers Launched: 2"
"              ->  Partial GroupAggregate  (cost=60249.17..61796.99 rows=68792 width=82) (actual time=362.298..362.306 rows=2 loops=3)"
"                    Group Key: c.c_custkey, o.o_orderkey"
"                    ->  Sort  (cost=60249.17..60421.15 rows=68792 width=55) (actual time=362.273..362.279 rows=12 loops=3)"
"                          Sort Key: c.c_custkey, o.o_orderkey"
"                          Sort Method: quicksort  Memory: 27kB"
"                          Worker 0:  Sort Method: quicksort  Memory: 25kB"
"                          Worker 1:  Sort Method: quicksort  Memory: 25kB"
"                          ->  Parallel Hash Join  (cost=35884.33..52369.75 rows=68792 width=55) (actual time=347.746..362.196 rows=12 loops=3)"
"                                Hash Cond: (l.l_orderkey = o.o_orderkey)"
"                                ->  Parallel Seq Scan on lineitem l  (cost=0.00..15142.38 rows=250238 width=9) (actual time=0.015..26.565 rows=200191 loops=3)"
"                                ->  Parallel Hash  (cost=35581.13..35581.13 rows=24256 width=54) (actual time=321.570..321.574 rows=2 loops=3)"
"                                      Buckets: 65536  Batches: 1  Memory Usage: 544kB"
"                                      ->  Hash Join  (cost=31555.45..35581.13 rows=24256 width=54) (actual time=307.921..319.051 rows=2 loops=3)"
"                                            Hash Cond: (o.o_custkey = c.c_custkey)"
"                                            ->  Hash Join  (cost=30841.95..34803.93 rows=24256 width=28) (actual time=283.196..294.323 rows=2 loops=3)"
"                                                  Hash Cond: (o.o_orderkey = lineitem.l_orderkey)"
"                                                  ->  Parallel Seq Scan on orders o  (cost=0.00..3730.35 rows=88235 width=24) (actual time=0.028..7.792 rows=50000 loops=3)"
"                                                  ->  Hash  (cost=30326.50..30326.50 rows=41236 width=4) (actual time=282.807..282.809 rows=5 loops=3)"
"                                                        Buckets: 65536  Batches: 1  Memory Usage: 513kB"
"                                                        ->  GroupAggregate  (cost=0.42..30326.50 rows=41236 width=4) (actual time=3.465..282.796 rows=5 loops=3)"
"                                                              Group Key: lineitem.l_orderkey"
"                                                              Filter: (sum(lineitem.l_quantity) > '300'::numeric)"
"                                                              Rows Removed by Filter: 149995"
"                                                              ->  Index Scan using idx_lineitem_orderkey on lineitem  (cost=0.42..25468.01 rows=600572 width=9) (actual time=0.065..139.408 rows=600572 loops=3)"
"                                            ->  Hash  (cost=526.00..526.00 rows=15000 width=30) (actual time=24.669..24.670 rows=15000 loops=3)"
"                                                  Buckets: 16384  Batches: 1  Memory Usage: 1066kB"
"                                                  ->  Seq Scan on customer c  (cost=0.00..526.00 rows=15000 width=30) (actual time=20.318..22.327 rows=15000 loops=3)"
"Planning Time: 0.725 ms"
"JIT:"
"  Functions: 108"
"  Options: Inlining false, Optimization false, Expressions true, Deforming true"
"  Timing: Generation 4.668 ms, Inlining 0.000 ms, Optimization 2.147 ms, Emission 59.070 ms, Total 65.885 ms"
"Execution Time: 383.718 ms"
